{"C:\\Users\\Chigv\\OneDrive\\Desktop\\SocialNetwork\\src\\entities\\Article\\model\\selectors\\articleDetails.ts": {"path":"C:\\Users\\Chigv\\OneDrive\\Desktop\\SocialNetwork\\src\\entities\\Article\\model\\selectors\\articleDetails.ts","statementMap":{"0":{"start":{"line":3,"column":37},"end":{"line":3,"column":87}},"1":{"start":{"line":3,"column":61},"end":{"line":3,"column":87}},"2":{"start":{"line":4,"column":38},"end":{"line":4,"column":89}},"3":{"start":{"line":4,"column":62},"end":{"line":4,"column":89}},"4":{"start":{"line":5,"column":42},"end":{"line":5,"column":97}},"5":{"start":{"line":5,"column":66},"end":{"line":5,"column":97}}},"fnMap":{"0":{"name":"(anonymous_0)","decl":{"start":{"line":3,"column":37},"end":{"line":3,"column":38}},"loc":{"start":{"line":3,"column":61},"end":{"line":3,"column":87}},"line":3},"1":{"name":"(anonymous_1)","decl":{"start":{"line":4,"column":38},"end":{"line":4,"column":39}},"loc":{"start":{"line":4,"column":62},"end":{"line":4,"column":89}},"line":4},"2":{"name":"(anonymous_2)","decl":{"start":{"line":5,"column":42},"end":{"line":5,"column":43}},"loc":{"start":{"line":5,"column":66},"end":{"line":5,"column":97}},"line":5}},"branchMap":{},"s":{"0":1,"1":2,"2":1,"3":2,"4":1,"5":2},"f":{"0":2,"1":2,"2":2},"b":{},"_coverageSchema":"1a1c01bbd47fc00a2c39e90264f33305004495a9","hash":"34559897ac0ac8f194c345e855d5b3002c8e2922"}
}
