{"C:\\Users\\Chigv\\OneDrive\\Desktop\\SocialNetwork\\src\\entities\\Country\\index.ts": {"path":"C:\\Users\\Chigv\\OneDrive\\Desktop\\SocialNetwork\\src\\entities\\Country\\index.ts","statementMap":{},"fnMap":{},"branchMap":{},"s":{},"f":{},"b":{},"_coverageSchema":"1a1c01bbd47fc00a2c39e90264f33305004495a9","hash":"604bc33275bd51308334e6af2cde6e9a95730256"}
,"C:\\Users\\Chigv\\OneDrive\\Desktop\\SocialNetwork\\src\\entities\\Country\\model\\types\\country.ts": {"path":"C:\\Users\\Chigv\\OneDrive\\Desktop\\SocialNetwork\\src\\entities\\Country\\model\\types\\country.ts","statementMap":{},"fnMap":{},"branchMap":{},"s":{},"f":{},"b":{},"_coverageSchema":"1a1c01bbd47fc00a2c39e90264f33305004495a9","hash":"891edd41f358aafcee9a92ec2794af3925e38d98"}
,"C:\\Users\\Chigv\\OneDrive\\Desktop\\SocialNetwork\\src\\entities\\Country\\ui\\CountrySelect.ts\\CountrySelect.tsx": {"path":"C:\\Users\\Chigv\\OneDrive\\Desktop\\SocialNetwork\\src\\entities\\Country\\ui\\CountrySelect.ts\\CountrySelect.tsx","statementMap":{"0":{"start":{"line":17,"column":16},"end":{"line":21,"column":1}},"1":{"start":{"line":23,"column":29},"end":{"line":44,"column":2}},"2":{"start":{"line":24,"column":53},"end":{"line":24,"column":58}},"3":{"start":{"line":25,"column":18},"end":{"line":25,"column":43}},"4":{"start":{"line":27,"column":33},"end":{"line":32,"column":5}},"5":{"start":{"line":29,"column":12},"end":{"line":29,"column":41}},"6":{"start":{"line":34,"column":4},"end":{"line":43,"column":6}}},"fnMap":{"0":{"name":"(anonymous_0)","decl":{"start":{"line":23,"column":34},"end":{"line":23,"column":35}},"loc":{"start":{"line":23,"column":65},"end":{"line":44,"column":1}},"line":23},"1":{"name":"(anonymous_1)","decl":{"start":{"line":28,"column":8},"end":{"line":28,"column":9}},"loc":{"start":{"line":28,"column":27},"end":{"line":30,"column":9}},"line":28}},"branchMap":{},"s":{"0":1,"1":1,"2":0,"3":0,"4":0,"5":0,"6":0},"f":{"0":0,"1":0},"b":{},"_coverageSchema":"1a1c01bbd47fc00a2c39e90264f33305004495a9","hash":"94bdeaaa7cc53a2d1c0c8ed5a6034155e00c4583"}
,"C:\\Users\\Chigv\\OneDrive\\Desktop\\SocialNetwork\\src\\entities\\Currency\\index.ts": {"path":"C:\\Users\\Chigv\\OneDrive\\Desktop\\SocialNetwork\\src\\entities\\Currency\\index.ts","statementMap":{},"fnMap":{},"branchMap":{},"s":{},"f":{},"b":{},"_coverageSchema":"1a1c01bbd47fc00a2c39e90264f33305004495a9","hash":"95d4020083d074d1efa21072f344b19c8ed7101c"}
,"C:\\Users\\Chigv\\OneDrive\\Desktop\\SocialNetwork\\src\\entities\\Currency\\model\\types\\currency.ts": {"path":"C:\\Users\\Chigv\\OneDrive\\Desktop\\SocialNetwork\\src\\entities\\Currency\\model\\types\\currency.ts","statementMap":{},"fnMap":{},"branchMap":{},"s":{},"f":{},"b":{},"_coverageSchema":"1a1c01bbd47fc00a2c39e90264f33305004495a9","hash":"6a004865487a6cc1655ebd579dd2145a8f5bf1fa"}
,"C:\\Users\\Chigv\\OneDrive\\Desktop\\SocialNetwork\\src\\entities\\Currency\\ui\\CurrencySelect\\CurrencySelect.tsx": {"path":"C:\\Users\\Chigv\\OneDrive\\Desktop\\SocialNetwork\\src\\entities\\Currency\\ui\\CurrencySelect\\CurrencySelect.tsx","statementMap":{"0":{"start":{"line":16,"column":16},"end":{"line":20,"column":1}},"1":{"start":{"line":22,"column":30},"end":{"line":43,"column":2}},"2":{"start":{"line":23,"column":53},"end":{"line":23,"column":58}},"3":{"start":{"line":24,"column":18},"end":{"line":24,"column":43}},"4":{"start":{"line":26,"column":34},"end":{"line":31,"column":5}},"5":{"start":{"line":28,"column":12},"end":{"line":28,"column":42}},"6":{"start":{"line":33,"column":4},"end":{"line":42,"column":6}}},"fnMap":{"0":{"name":"(anonymous_0)","decl":{"start":{"line":22,"column":35},"end":{"line":22,"column":36}},"loc":{"start":{"line":22,"column":67},"end":{"line":43,"column":1}},"line":22},"1":{"name":"(anonymous_1)","decl":{"start":{"line":27,"column":8},"end":{"line":27,"column":9}},"loc":{"start":{"line":27,"column":27},"end":{"line":29,"column":9}},"line":27}},"branchMap":{},"s":{"0":1,"1":1,"2":0,"3":0,"4":0,"5":0,"6":0},"f":{"0":0,"1":0},"b":{},"_coverageSchema":"1a1c01bbd47fc00a2c39e90264f33305004495a9","hash":"67a24a25d9f48a956c443b0f89c7ade8614a42ef"}
,"C:\\Users\\Chigv\\OneDrive\\Desktop\\SocialNetwork\\src\\entities\\Profile\\model\\selectors\\getProfileForm\\getProfileForm.ts": {"path":"C:\\Users\\Chigv\\OneDrive\\Desktop\\SocialNetwork\\src\\entities\\Profile\\model\\selectors\\getProfileForm\\getProfileForm.ts","statementMap":{"0":{"start":{"line":3,"column":30},"end":{"line":3,"column":74}},"1":{"start":{"line":3,"column":54},"end":{"line":3,"column":74}}},"fnMap":{"0":{"name":"(anonymous_0)","decl":{"start":{"line":3,"column":30},"end":{"line":3,"column":31}},"loc":{"start":{"line":3,"column":54},"end":{"line":3,"column":74}},"line":3}},"branchMap":{},"s":{"0":1,"1":0},"f":{"0":0},"b":{},"_coverageSchema":"1a1c01bbd47fc00a2c39e90264f33305004495a9","hash":"692f084bc3595d14df275c8e002c4b85c3718d9f"}
,"C:\\Users\\Chigv\\OneDrive\\Desktop\\SocialNetwork\\src\\entities\\Profile\\model\\services\\fetchProfileData\\fetchProfileData.ts": {"path":"C:\\Users\\Chigv\\OneDrive\\Desktop\\SocialNetwork\\src\\entities\\Profile\\model\\services\\fetchProfileData\\fetchProfileData.ts","statementMap":{"0":{"start":{"line":6,"column":32},"end":{"line":21,"column":1}},"1":{"start":{"line":9,"column":43},"end":{"line":9,"column":51}},"2":{"start":{"line":11,"column":8},"end":{"line":19,"column":9}},"3":{"start":{"line":12,"column":29},"end":{"line":12,"column":69}},"4":{"start":{"line":14,"column":12},"end":{"line":14,"column":50}},"5":{"start":{"line":14,"column":32},"end":{"line":14,"column":50}},"6":{"start":{"line":16,"column":12},"end":{"line":16,"column":33}},"7":{"start":{"line":18,"column":12},"end":{"line":18,"column":44}}},"fnMap":{"0":{"name":"(anonymous_0)","decl":{"start":{"line":8,"column":4},"end":{"line":8,"column":5}},"loc":{"start":{"line":8,"column":27},"end":{"line":20,"column":5}},"line":8}},"branchMap":{"0":{"loc":{"start":{"line":14,"column":12},"end":{"line":14,"column":50}},"type":"if","locations":[{"start":{"line":14,"column":12},"end":{"line":14,"column":50}},{"start":{},"end":{}}],"line":14}},"s":{"0":1,"1":0,"2":0,"3":0,"4":0,"5":0,"6":0,"7":0},"f":{"0":0},"b":{"0":[0,0]},"_coverageSchema":"1a1c01bbd47fc00a2c39e90264f33305004495a9","hash":"06e787f24df58523c7f789872897d4fc40399ded"}
,"C:\\Users\\Chigv\\OneDrive\\Desktop\\SocialNetwork\\src\\entities\\Profile\\model\\services\\updateProfileData\\updateProfileData.ts": {"path":"C:\\Users\\Chigv\\OneDrive\\Desktop\\SocialNetwork\\src\\entities\\Profile\\model\\services\\updateProfileData\\updateProfileData.ts","statementMap":{"0":{"start":{"line":9,"column":33},"end":{"line":33,"column":2}},"1":{"start":{"line":14,"column":49},"end":{"line":14,"column":57}},"2":{"start":{"line":16,"column":21},"end":{"line":16,"column":47}},"3":{"start":{"line":18,"column":19},"end":{"line":18,"column":48}},"4":{"start":{"line":20,"column":4},"end":{"line":22,"column":5}},"5":{"start":{"line":21,"column":8},"end":{"line":21,"column":39}},"6":{"start":{"line":24,"column":4},"end":{"line":32,"column":5}},"7":{"start":{"line":25,"column":25},"end":{"line":25,"column":75}},"8":{"start":{"line":27,"column":8},"end":{"line":27,"column":46}},"9":{"start":{"line":27,"column":28},"end":{"line":27,"column":46}},"10":{"start":{"line":29,"column":8},"end":{"line":29,"column":29}},"11":{"start":{"line":31,"column":8},"end":{"line":31,"column":68}}},"fnMap":{"0":{"name":"(anonymous_0)","decl":{"start":{"line":13,"column":31},"end":{"line":13,"column":32}},"loc":{"start":{"line":13,"column":54},"end":{"line":33,"column":1}},"line":13}},"branchMap":{"0":{"loc":{"start":{"line":20,"column":4},"end":{"line":22,"column":5}},"type":"if","locations":[{"start":{"line":20,"column":4},"end":{"line":22,"column":5}},{"start":{},"end":{}}],"line":20},"1":{"loc":{"start":{"line":27,"column":8},"end":{"line":27,"column":46}},"type":"if","locations":[{"start":{"line":27,"column":8},"end":{"line":27,"column":46}},{"start":{},"end":{}}],"line":27}},"s":{"0":1,"1":0,"2":0,"3":0,"4":0,"5":0,"6":0,"7":0,"8":0,"9":0,"10":0,"11":0},"f":{"0":0},"b":{"0":[0,0],"1":[0,0]},"_coverageSchema":"1a1c01bbd47fc00a2c39e90264f33305004495a9","hash":"5a517f8ea7000394f9edcef8c4f82223fe452d92"}
,"C:\\Users\\Chigv\\OneDrive\\Desktop\\SocialNetwork\\src\\entities\\Profile\\model\\services\\validateProfileData\\validateProfileData.ts": {"path":"C:\\Users\\Chigv\\OneDrive\\Desktop\\SocialNetwork\\src\\entities\\Profile\\model\\services\\validateProfileData\\validateProfileData.ts","statementMap":{"0":{"start":{"line":3,"column":35},"end":{"line":22,"column":1}},"1":{"start":{"line":4,"column":4},"end":{"line":4,"column":56}},"2":{"start":{"line":4,"column":18},"end":{"line":4,"column":56}},"3":{"start":{"line":6,"column":46},"end":{"line":6,"column":53}},"4":{"start":{"line":7,"column":43},"end":{"line":7,"column":45}},"5":{"start":{"line":9,"column":4},"end":{"line":11,"column":5}},"6":{"start":{"line":10,"column":8},"end":{"line":10,"column":62}},"7":{"start":{"line":13,"column":4},"end":{"line":15,"column":5}},"8":{"start":{"line":14,"column":8},"end":{"line":14,"column":56}},"9":{"start":{"line":17,"column":4},"end":{"line":19,"column":5}},"10":{"start":{"line":18,"column":8},"end":{"line":18,"column":60}},"11":{"start":{"line":21,"column":4},"end":{"line":21,"column":18}}},"fnMap":{"0":{"name":"(anonymous_0)","decl":{"start":{"line":3,"column":35},"end":{"line":3,"column":36}},"loc":{"start":{"line":3,"column":58},"end":{"line":22,"column":1}},"line":3}},"branchMap":{"0":{"loc":{"start":{"line":4,"column":4},"end":{"line":4,"column":56}},"type":"if","locations":[{"start":{"line":4,"column":4},"end":{"line":4,"column":56}},{"start":{},"end":{}}],"line":4},"1":{"loc":{"start":{"line":9,"column":4},"end":{"line":11,"column":5}},"type":"if","locations":[{"start":{"line":9,"column":4},"end":{"line":11,"column":5}},{"start":{},"end":{}}],"line":9},"2":{"loc":{"start":{"line":9,"column":8},"end":{"line":9,"column":27}},"type":"binary-expr","locations":[{"start":{"line":9,"column":8},"end":{"line":9,"column":14}},{"start":{"line":9,"column":18},"end":{"line":9,"column":27}}],"line":9},"3":{"loc":{"start":{"line":13,"column":4},"end":{"line":15,"column":5}},"type":"if","locations":[{"start":{"line":13,"column":4},"end":{"line":15,"column":5}},{"start":{},"end":{}}],"line":13},"4":{"loc":{"start":{"line":13,"column":8},"end":{"line":13,"column":38}},"type":"binary-expr","locations":[{"start":{"line":13,"column":8},"end":{"line":13,"column":12}},{"start":{"line":13,"column":16},"end":{"line":13,"column":38}}],"line":13},"5":{"loc":{"start":{"line":17,"column":4},"end":{"line":19,"column":5}},"type":"if","locations":[{"start":{"line":17,"column":4},"end":{"line":19,"column":5}},{"start":{},"end":{}}],"line":17}},"s":{"0":1,"1":0,"2":0,"3":0,"4":0,"5":0,"6":0,"7":0,"8":0,"9":0,"10":0,"11":0},"f":{"0":0},"b":{"0":[0,0],"1":[0,0],"2":[0,0],"3":[0,0],"4":[0,0],"5":[0,0]},"_coverageSchema":"1a1c01bbd47fc00a2c39e90264f33305004495a9","hash":"2f6388abe5418f342ec20fb98f59e8914e285971"}
,"C:\\Users\\Chigv\\OneDrive\\Desktop\\SocialNetwork\\src\\entities\\Profile\\model\\slice\\profileSlice.ts": {"path":"C:\\Users\\Chigv\\OneDrive\\Desktop\\SocialNetwork\\src\\entities\\Profile\\model\\slice\\profileSlice.ts","statementMap":{"0":{"start":{"line":6,"column":36},"end":{"line":12,"column":1}},"1":{"start":{"line":14,"column":28},"end":{"line":71,"column":2}},"2":{"start":{"line":19,"column":12},"end":{"line":19,"column":37}},"3":{"start":{"line":23,"column":12},"end":{"line":23,"column":34}},"4":{"start":{"line":24,"column":12},"end":{"line":24,"column":36}},"5":{"start":{"line":25,"column":12},"end":{"line":25,"column":45}},"6":{"start":{"line":29,"column":12},"end":{"line":32,"column":14}},"7":{"start":{"line":36,"column":8},"end":{"line":39,"column":11}},"8":{"start":{"line":37,"column":12},"end":{"line":37,"column":36}},"9":{"start":{"line":38,"column":12},"end":{"line":38,"column":35}},"10":{"start":{"line":40,"column":8},"end":{"line":47,"column":10}},"11":{"start":{"line":43,"column":16},"end":{"line":43,"column":40}},"12":{"start":{"line":44,"column":16},"end":{"line":44,"column":37}},"13":{"start":{"line":45,"column":16},"end":{"line":45,"column":37}},"14":{"start":{"line":48,"column":8},"end":{"line":51,"column":11}},"15":{"start":{"line":49,"column":12},"end":{"line":49,"column":36}},"16":{"start":{"line":50,"column":12},"end":{"line":50,"column":34}},"17":{"start":{"line":53,"column":8},"end":{"line":56,"column":11}},"18":{"start":{"line":54,"column":12},"end":{"line":54,"column":45}},"19":{"start":{"line":55,"column":12},"end":{"line":55,"column":35}},"20":{"start":{"line":57,"column":8},"end":{"line":65,"column":10}},"21":{"start":{"line":60,"column":16},"end":{"line":60,"column":40}},"22":{"start":{"line":61,"column":16},"end":{"line":61,"column":37}},"23":{"start":{"line":62,"column":16},"end":{"line":62,"column":37}},"24":{"start":{"line":63,"column":16},"end":{"line":63,"column":38}},"25":{"start":{"line":66,"column":8},"end":{"line":69,"column":11}},"26":{"start":{"line":67,"column":12},"end":{"line":67,"column":36}},"27":{"start":{"line":68,"column":12},"end":{"line":68,"column":43}},"28":{"start":{"line":73,"column":68},"end":{"line":73,"column":80}}},"fnMap":{"0":{"name":"(anonymous_0)","decl":{"start":{"line":18,"column":8},"end":{"line":18,"column":9}},"loc":{"start":{"line":18,"column":64},"end":{"line":20,"column":9}},"line":18},"1":{"name":"(anonymous_1)","decl":{"start":{"line":22,"column":8},"end":{"line":22,"column":9}},"loc":{"start":{"line":22,"column":26},"end":{"line":26,"column":9}},"line":22},"2":{"name":"(anonymous_2)","decl":{"start":{"line":28,"column":8},"end":{"line":28,"column":9}},"loc":{"start":{"line":28,"column":66},"end":{"line":33,"column":9}},"line":28},"3":{"name":"(anonymous_3)","decl":{"start":{"line":35,"column":19},"end":{"line":35,"column":20}},"loc":{"start":{"line":35,"column":32},"end":{"line":70,"column":5}},"line":35},"4":{"name":"(anonymous_4)","decl":{"start":{"line":36,"column":50},"end":{"line":36,"column":51}},"loc":{"start":{"line":36,"column":61},"end":{"line":39,"column":9}},"line":36},"5":{"name":"(anonymous_5)","decl":{"start":{"line":42,"column":12},"end":{"line":42,"column":13}},"loc":{"start":{"line":42,"column":60},"end":{"line":46,"column":13}},"line":42},"6":{"name":"(anonymous_6)","decl":{"start":{"line":48,"column":51},"end":{"line":48,"column":52}},"loc":{"start":{"line":48,"column":75},"end":{"line":51,"column":9}},"line":48},"7":{"name":"(anonymous_7)","decl":{"start":{"line":53,"column":51},"end":{"line":53,"column":52}},"loc":{"start":{"line":53,"column":62},"end":{"line":56,"column":9}},"line":53},"8":{"name":"(anonymous_8)","decl":{"start":{"line":59,"column":12},"end":{"line":59,"column":13}},"loc":{"start":{"line":59,"column":60},"end":{"line":64,"column":13}},"line":59},"9":{"name":"(anonymous_9)","decl":{"start":{"line":66,"column":52},"end":{"line":66,"column":53}},"loc":{"start":{"line":66,"column":76},"end":{"line":69,"column":9}},"line":66}},"branchMap":{},"s":{"0":1,"1":1,"2":1,"3":1,"4":1,"5":1,"6":1,"7":1,"8":0,"9":0,"10":1,"11":0,"12":0,"13":0,"14":1,"15":0,"16":0,"17":1,"18":1,"19":1,"20":1,"21":1,"22":1,"23":1,"24":1,"25":1,"26":0,"27":0,"28":1},"f":{"0":1,"1":1,"2":1,"3":1,"4":0,"5":0,"6":0,"7":1,"8":1,"9":0},"b":{},"_coverageSchema":"1a1c01bbd47fc00a2c39e90264f33305004495a9","hash":"34f239e8f5d1c5310cb0dc210b9688bb566a0e17"}
,"C:\\Users\\Chigv\\OneDrive\\Desktop\\SocialNetwork\\src\\entities\\Profile\\model\\types\\profile.ts": {"path":"C:\\Users\\Chigv\\OneDrive\\Desktop\\SocialNetwork\\src\\entities\\Profile\\model\\types\\profile.ts","statementMap":{},"fnMap":{},"branchMap":{},"s":{},"f":{},"b":{},"_coverageSchema":"1a1c01bbd47fc00a2c39e90264f33305004495a9","hash":"a3aa2597a0b563debe10cbb2814824fb90463555"}
,"C:\\Users\\Chigv\\OneDrive\\Desktop\\SocialNetwork\\src\\shared\\lib\\classNames\\classNames.ts": {"path":"C:\\Users\\Chigv\\OneDrive\\Desktop\\SocialNetwork\\src\\shared\\lib\\classNames\\classNames.ts","statementMap":{"0":{"start":{"line":8,"column":4},"end":{"line":14,"column":16}},"1":{"start":{"line":12,"column":36},"end":{"line":12,"column":50}},"2":{"start":{"line":13,"column":34},"end":{"line":13,"column":43}}},"fnMap":{"0":{"name":"classNames","decl":{"start":{"line":3,"column":16},"end":{"line":3,"column":26}},"loc":{"start":{"line":7,"column":10},"end":{"line":15,"column":1}},"line":7},"1":{"name":"(anonymous_1)","decl":{"start":{"line":12,"column":20},"end":{"line":12,"column":21}},"loc":{"start":{"line":12,"column":36},"end":{"line":12,"column":50}},"line":12},"2":{"name":"(anonymous_2)","decl":{"start":{"line":13,"column":17},"end":{"line":13,"column":18}},"loc":{"start":{"line":13,"column":34},"end":{"line":13,"column":43}},"line":13}},"branchMap":{"0":{"loc":{"start":{"line":5,"column":4},"end":{"line":5,"column":19}},"type":"default-arg","locations":[{"start":{"line":5,"column":17},"end":{"line":5,"column":19}}],"line":5},"1":{"loc":{"start":{"line":6,"column":4},"end":{"line":6,"column":46}},"type":"default-arg","locations":[{"start":{"line":6,"column":44},"end":{"line":6,"column":46}}],"line":6}},"s":{"0":0,"1":0,"2":0},"f":{"0":0,"1":0,"2":0},"b":{"0":[0],"1":[0]},"_coverageSchema":"1a1c01bbd47fc00a2c39e90264f33305004495a9","hash":"b4294d59106e2c9c0c9b8f8a229d1d02dccb163a"}
,"C:\\Users\\Chigv\\OneDrive\\Desktop\\SocialNetwork\\src\\shared\\ui\\Select\\Select.tsx": {"path":"C:\\Users\\Chigv\\OneDrive\\Desktop\\SocialNetwork\\src\\shared\\ui\\Select\\Select.tsx","statementMap":{"0":{"start":{"line":20,"column":22},"end":{"line":50,"column":2}},"1":{"start":{"line":21,"column":69},"end":{"line":21,"column":74}},"2":{"start":{"line":22,"column":23},"end":{"line":22,"column":25}},"3":{"start":{"line":24,"column":26},"end":{"line":26,"column":5}},"4":{"start":{"line":25,"column":8},"end":{"line":25,"column":35}},"5":{"start":{"line":28,"column":23},"end":{"line":34,"column":17}},"6":{"start":{"line":29,"column":8},"end":{"line":33,"column":11}},"7":{"start":{"line":30,"column":12},"end":{"line":32,"column":21}},"8":{"start":{"line":36,"column":4},"end":{"line":49,"column":6}}},"fnMap":{"0":{"name":"(anonymous_0)","decl":{"start":{"line":20,"column":27},"end":{"line":20,"column":28}},"loc":{"start":{"line":20,"column":51},"end":{"line":50,"column":1}},"line":20},"1":{"name":"(anonymous_1)","decl":{"start":{"line":24,"column":26},"end":{"line":24,"column":27}},"loc":{"start":{"line":24,"column":65},"end":{"line":26,"column":5}},"line":24},"2":{"name":"(anonymous_2)","decl":{"start":{"line":28,"column":31},"end":{"line":28,"column":32}},"loc":{"start":{"line":28,"column":37},"end":{"line":34,"column":5}},"line":28},"3":{"name":"(anonymous_3)","decl":{"start":{"line":29,"column":28},"end":{"line":29,"column":29}},"loc":{"start":{"line":30,"column":12},"end":{"line":32,"column":21}},"line":30}},"branchMap":{},"s":{"0":1,"1":0,"2":0,"3":0,"4":0,"5":0,"6":0,"7":0,"8":0},"f":{"0":0,"1":0,"2":0,"3":0},"b":{},"_coverageSchema":"1a1c01bbd47fc00a2c39e90264f33305004495a9","hash":"cf5ce8f752702b3667f0c395d6a8fa684cdd5cb0"}
}
