TN:
SF:src\entities\User\index.ts
FNF:0
FNH:0
LF:0
LH:0
BRF:0
BRH:0
end_of_record
TN:
SF:src\entities\User\model\selectors\getUserAuthData.ts
FN:3,(anonymous_0)
FNF:1
FNH:0
FNDA:0,(anonymous_0)
DA:3,1
LF:1
LH:1
BRF:0
BRH:0
end_of_record
TN:
SF:src\entities\User\model\slice\userSlice.ts
FN:11,(anonymous_0)
FN:14,(anonymous_1)
FN:18,(anonymous_2)
FNF:3
FNH:0
FNDA:0,(anonymous_0)
FNDA:0,(anonymous_1)
FNDA:0,(anonymous_2)
DA:5,1
DA:7,1
DA:12,0
DA:15,0
DA:16,0
DA:19,0
DA:20,0
DA:25,1
LF:8
LH:3
BRDA:16,0,0,0
BRDA:16,0,1,0
BRF:2
BRH:0
end_of_record
TN:
SF:src\entities\User\model\types\user.ts
FNF:0
FNH:0
LF:0
LH:0
BRF:0
BRH:0
end_of_record
TN:
SF:src\features\AuthByUserName\model\services\loginByUsername\loginByUsername.ts
FN:20,(anonymous_0)
FNF:1
FNH:1
FNDA:1,(anonymous_0)
DA:18,1
DA:21,1
DA:23,1
DA:24,1
DA:26,1
DA:28,0
DA:29,0
DA:31,0
DA:33,1
LF:9
LH:6
BRDA:26,0,0,1
BRDA:26,0,1,0
BRF:2
BRH:1
end_of_record
TN:
SF:src\shared\config\i18n\i18n.ts
FNF:0
FNH:0
DA:7,1
LF:1
LH:1
BRF:0
BRH:0
end_of_record
TN:
SF:src\shared\config\tests\TestAsyncThunk\TestAsyncThunk.ts
FN:24,(anonymous_0)
FN:33,(anonymous_1)
FNF:2
FNH:2
FNDA:1,(anonymous_0)
FNDA:1,(anonymous_1)
DA:9,1
DA:11,1
DA:25,1
DA:26,1
DA:27,1
DA:29,1
DA:30,1
DA:34,1
DA:35,1
DA:40,1
LF:10
LH:10
BRF:0
BRH:0
end_of_record
TN:
SF:src\shared\const\localstorage.ts
FNF:0
FNH:0
DA:1,1
LF:1
LH:1
BRF:0
BRH:0
end_of_record
